0 info it worked if it ends with ok
1 verbose cli [ '/usr/bin/nodejs', '/usr/bin/npm', 'install', '-g', 'npm' ]
2 info using npm@1.3.10
3 info using node@v0.10.25
4 verbose cache add [ 'npm', null ]
5 verbose cache add name=undefined spec="npm" args=["npm",null]
6 verbose parsed url { protocol: null,
6 verbose parsed url   slashes: null,
6 verbose parsed url   auth: null,
6 verbose parsed url   host: null,
6 verbose parsed url   port: null,
6 verbose parsed url   hostname: null,
6 verbose parsed url   hash: null,
6 verbose parsed url   search: null,
6 verbose parsed url   query: null,
6 verbose parsed url   pathname: 'npm',
6 verbose parsed url   path: 'npm',
6 verbose parsed url   href: 'npm' }
7 silly lockFile 660051d1-npm npm
8 verbose lock npm /home/doctorgaby/.npm/660051d1-npm.lock
9 silly lockFile 660051d1-npm npm
10 silly lockFile 660051d1-npm npm
11 verbose addNamed [ 'npm', '' ]
12 verbose addNamed [ null, '*' ]
13 silly lockFile 2f990b75-npm npm@
14 verbose lock npm@ /home/doctorgaby/.npm/2f990b75-npm.lock
15 silly addNameRange { name: 'npm', range: '*', hasData: false }
16 verbose url raw npm
17 verbose url resolving [ 'https://registry.npmjs.org/', './npm' ]
18 verbose url resolved https://registry.npmjs.org/npm
19 info trying registry request attempt 1 at 00:07:56
20 verbose etag "K9LOEKSUD6Y8YL7VPQLM20RY"
21 http GET https://registry.npmjs.org/npm
22 http 304 https://registry.npmjs.org/npm
23 silly registry.get cb [ 304,
23 silly registry.get   { date: 'Thu, 05 Nov 2015 23:07:56 GMT',
23 silly registry.get     via: '1.1 varnish',
23 silly registry.get     'cache-control': 'max-age=60',
23 silly registry.get     etag: '"K9LOEKSUD6Y8YL7VPQLM20RY"',
23 silly registry.get     age: '0',
23 silly registry.get     connection: 'keep-alive',
23 silly registry.get     'x-served-by': 'cache-fra1242-FRA',
23 silly registry.get     'x-cache': 'HIT',
23 silly registry.get     'x-cache-hits': '1',
23 silly registry.get     'x-timer': 'S1446764876.953088,VS0,VE209',
23 silly registry.get     vary: 'Accept' } ]
24 verbose etag npm from cache
25 silly addNameRange number 2 { name: 'npm', range: '*', hasData: true }
26 silly addNameRange versions [ 'npm',
26 silly addNameRange   [ '1.1.25',
26 silly addNameRange     '1.2.32',
26 silly addNameRange     '1.3.2',
26 silly addNameRange     '1.3.4',
26 silly addNameRange     '1.2.20',
26 silly addNameRange     '1.2.21',
26 silly addNameRange     '1.2.22',
26 silly addNameRange     '1.2.23',
26 silly addNameRange     '1.2.24',
26 silly addNameRange     '1.2.25',
26 silly addNameRange     '1.2.27',
26 silly addNameRange     '1.2.28',
26 silly addNameRange     '1.2.30',
26 silly addNameRange     '1.2.31',
26 silly addNameRange     '1.3.0',
26 silly addNameRange     '1.3.1',
26 silly addNameRange     '1.2.19',
26 silly addNameRange     '1.1.70',
26 silly addNameRange     '1.1.71',
26 silly addNameRange     '1.3.5',
26 silly addNameRange     '1.3.6',
26 silly addNameRange     '1.3.7',
26 silly addNameRange     '1.3.8',
26 silly addNameRange     '1.3.9',
26 silly addNameRange     '1.3.10',
26 silly addNameRange     '1.3.11',
26 silly addNameRange     '1.3.12',
26 silly addNameRange     '1.3.13',
26 silly addNameRange     '1.3.14',
26 silly addNameRange     '1.3.15',
26 silly addNameRange     '1.3.16',
26 silly addNameRange     '1.3.17',
26 silly addNameRange     '1.3.18',
26 silly addNameRange     '1.3.20',
26 silly addNameRange     '1.3.21',
26 silly addNameRange     '1.3.22',
26 silly addNameRange     '1.3.23',
26 silly addNameRange     '1.3.24',
26 silly addNameRange     '1.3.25',
26 silly addNameRange     '1.3.26',
26 silly addNameRange     '1.4.0',
26 silly addNameRange     '1.4.1',
26 silly addNameRange     '1.4.2',
26 silly addNameRange     '1.4.3',
26 silly addNameRange     '1.4.4',
26 silly addNameRange     '1.4.5',
26 silly addNameRange     '1.4.6',
26 silly addNameRange     '1.4.7',
26 silly addNameRange     '1.4.8',
26 silly addNameRange     '1.4.9',
26 silly addNameRange     '1.4.10',
26 silly addNameRange     '1.4.11',
26 silly addNameRange     '1.4.12',
26 silly addNameRange     '1.4.13',
26 silly addNameRange     '1.4.14',
26 silly addNameRange     '1.4.15',
26 silly addNameRange     '1.4.16',
26 silly addNameRange     '1.2.8000',
26 silly addNameRange     '1.4.17',
26 silly addNameRange     '1.4.18',
26 silly addNameRange     '1.4.19',
26 silly addNameRange     '1.5.0-alpha-0',
26 silly addNameRange     '1.5.0-alpha-1',
26 silly addNameRange     '1.4.20',
26 silly addNameRange     '1.5.0-alpha-2',
26 silly addNameRange     '1.4.21',
26 silly addNameRange     '1.5.0-alpha-3',
26 silly addNameRange     '1.5.0-alpha-4',
26 silly addNameRange     '2.0.0-alpha-5',
26 silly addNameRange     '1.4.22',
26 silly addNameRange     '1.4.23',
26 silly addNameRange     '2.0.0-alpha.6.0',
26 silly addNameRange     '1.4.24',
26 silly addNameRange     '2.0.0-alpha.6',
26 silly addNameRange     '2.0.0-alpha.7',
26 silly addNameRange     '2.0.0-beta.0',
26 silly addNameRange     '1.4.25',
26 silly addNameRange     '2.0.0-beta.1',
26 silly addNameRange     '1.4.26',
26 silly addNameRange     '2.0.0-beta.2',
26 silly addNameRange     '1.4.27',
26 silly addNameRange     '2.0.0-beta.3',
26 silly addNameRange     '1.4.28',
26 silly addNameRange     '2.0.0',
26 silly addNameRange     '2.0.1',
26 silly addNameRange     '2.0.2',
26 silly addNameRange     '2.1.0',
26 silly addNameRange     '2.1.1',
26 silly addNameRange     '2.1.2',
26 silly addNameRange     '2.1.3',
26 silly addNameRange     '2.1.4',
26 silly addNameRange     '2.1.5',
26 silly addNameRange     '2.1.6',
26 silly addNameRange     '2.1.7',
26 silly addNameRange     '2.1.8',
26 silly addNameRange     '2.1.9',
26 silly addNameRange     '2.1.10',
26 silly addNameRange     '2.1.11',
26 silly addNameRange     '2.1.12',
26 silly addNameRange     '2.1.13',
26 silly addNameRange     '2.1.14',
26 silly addNameRange     '2.1.15',
26 silly addNameRange     '2.1.16',
26 silly addNameRange     '2.1.17',
26 silly addNameRange     '2.1.18',
26 silly addNameRange     '2.2.0',
26 silly addNameRange     '2.3.0',
26 silly addNameRange     '2.4.0',
26 silly addNameRange     '2.4.1',
26 silly addNameRange     '2.5.0',
26 silly addNameRange     '2.5.1',
26 silly addNameRange     '2.6.0',
26 silly addNameRange     '2.6.1',
26 silly addNameRange     '2.7.0',
26 silly addNameRange     '2.7.1',
26 silly addNameRange     '2.7.2',
26 silly addNameRange     '2.7.3',
26 silly addNameRange     '2.7.4',
26 silly addNameRange     '2.7.5',
26 silly addNameRange     '2.7.6',
26 silly addNameRange     '2.8.0',
26 silly addNameRange     '2.8.1',
26 silly addNameRange     '2.8.2',
26 silly addNameRange     '2.8.3',
26 silly addNameRange     '2.8.4',
26 silly addNameRange     '2.9.0',
26 silly addNameRange     '2.9.1',
26 silly addNameRange     '2.10.0',
26 silly addNameRange     '2.10.1',
26 silly addNameRange     '2.11.0',
26 silly addNameRange     '2.11.1',
26 silly addNameRange     '2.11.2',
26 silly addNameRange     '2.11.3',
26 silly addNameRange     '2.12.0',
26 silly addNameRange     '3.0.0',
26 silly addNameRange     '2.12.1',
26 silly addNameRange     '2.13.0',
26 silly addNameRange     '3.1.0',
26 silly addNameRange     '2.13.1',
26 silly addNameRange     '3.1.1',
26 silly addNameRange     '3.1.2',
26 silly addNameRange     '2.13.2',
26 silly addNameRange     '3.1.3',
26 silly addNameRange     '2.13.3',
26 silly addNameRange     '3.2.0',
26 silly addNameRange     '2.13.4',
26 silly addNameRange     '3.2.1',
26 silly addNameRange     '2.13.5',
26 silly addNameRange     '3.2.2',
26 silly addNameRange     '2.14.0',
26 silly addNameRange     '3.3.0',
26 silly addNameRange     '2.14.1',
26 silly addNameRange     '2.14.2',
26 silly addNameRange     '3.3.1',
26 silly addNameRange     '2.14.3',
26 silly addNameRange     '3.3.2',
26 silly addNameRange     '2.14.4',
26 silly addNameRange     '3.3.3',
26 silly addNameRange     '2.14.5',
26 silly addNameRange     '3.3.4',
26 silly addNameRange     '2.14.6',
26 silly addNameRange     '3.3.5',
26 silly addNameRange     '3.3.6',
26 silly addNameRange     '2.14.7',
26 silly addNameRange     '2.14.8',
26 silly addNameRange     '3.3.7',
26 silly addNameRange     '3.3.8',
26 silly addNameRange     '3.3.9',
26 silly addNameRange     '3.3.10',
26 silly addNameRange     '2.14.9',
26 silly addNameRange     '3.3.11',
26 silly addNameRange     '1.4.29',
26 silly addNameRange     '3.3.12' ] ]
27 verbose addNamed [ 'npm', '3.3.10' ]
28 verbose addNamed [ '3.3.10', '3.3.10' ]
29 silly lockFile 80eafd10-npm-3-3-10 npm@3.3.10
30 verbose lock npm@3.3.10 /home/doctorgaby/.npm/80eafd10-npm-3-3-10.lock
31 silly lockFile 80eafd10-npm-3-3-10 npm@3.3.10
32 silly lockFile 80eafd10-npm-3-3-10 npm@3.3.10
33 silly lockFile 2f990b75-npm npm@
34 silly lockFile 2f990b75-npm npm@
35 silly resolved [ { version: '3.3.10',
35 silly resolved     name: 'npm',
35 silly resolved     description: 'a package manager for JavaScript',
35 silly resolved     keywords: [ 'install', 'modules', 'package manager', 'package.json' ],
35 silly resolved     preferGlobal: true,
35 silly resolved     config: { publishtest: false },
35 silly resolved     homepage: 'https://docs.npmjs.com/',
35 silly resolved     author:
35 silly resolved      { name: 'Isaac Z. Schlueter',
35 silly resolved        email: 'i@izs.me',
35 silly resolved        url: 'http://blog.izs.me' },
35 silly resolved     repository: { type: 'git', url: 'git+https://github.com/npm/npm.git' },
35 silly resolved     bugs: { url: 'http://github.com/npm/npm/issues' },
35 silly resolved     directories: { bin: './bin', doc: './doc', lib: './lib', man: './man' },
35 silly resolved     main: './lib/npm.js',
35 silly resolved     bin: { npm: './bin/npm-cli.js' },
35 silly resolved     dependencies:
35 silly resolved      { abbrev: '~1.0.7',
35 silly resolved        ansicolors: '~0.3.2',
35 silly resolved        ansistyles: '~0.1.3',
35 silly resolved        aproba: '~1.0.1',
35 silly resolved        archy: '~1.0.0',
35 silly resolved        'async-some': '~1.0.2',
35 silly resolved        chownr: '~1.0.1',
35 silly resolved        'cmd-shim': '~2.0.1',
35 silly resolved        columnify: '~1.5.2',
35 silly resolved        'config-chain': '~1.1.9',
35 silly resolved        dezalgo: '~1.0.3',
35 silly resolved        editor: '~1.0.0',
35 silly resolved        'fs-vacuum': '~1.2.7',
35 silly resolved        'fs-write-stream-atomic': '~1.0.4',
35 silly resolved        fstream: '~1.0.8',
35 silly resolved        'fstream-npm': '~1.0.5',
35 silly resolved        glob: '~5.0.15',
35 silly resolved        'graceful-fs': '~4.1.2',
35 silly resolved        'has-unicode': '~1.0.1',
35 silly resolved        'hosted-git-info': '~2.1.4',
35 silly resolved        iferr: '~0.1.5',
35 silly resolved        inflight: '~1.0.4',
35 silly resolved        inherits: '~2.0.1',
35 silly resolved        ini: '~1.3.4',
35 silly resolved        'init-package-json': '~1.9.1',
35 silly resolved        lockfile: '~1.0.1',
35 silly resolved        'lodash.clonedeep': '~3.0.2',
35 silly resolved        'lodash.union': '~3.1.0',
35 silly resolved        'lodash.uniq': '~3.2.2',
35 silly resolved        'lodash.without': '~3.2.1',
35 silly resolved        mkdirp: '~0.5.1',
35 silly resolved        'node-gyp': '~3.0.3',
35 silly resolved        nopt: '~3.0.4',
35 silly resolved        'normalize-git-url': '~3.0.1',
35 silly resolved        'normalize-package-data': '~2.3.4',
35 silly resolved        'npm-cache-filename': '~1.0.2',
35 silly resolved        'npm-install-checks': '~2.0.1',
35 silly resolved        'npm-package-arg': '~4.0.2',
35 silly resolved        'npm-registry-client': '~7.0.7',
35 silly resolved        'npm-user-validate': '~0.1.2',
35 silly resolved        npmlog: '~1.2.1',
35 silly resolved        once: '~1.3.2',
35 silly resolved        opener: '~1.4.1',
35 silly resolved        osenv: '~0.1.3',
35 silly resolved        'path-is-inside': '~1.0.1',
35 silly resolved        read: '~1.0.7',
35 silly resolved        'read-cmd-shim': '~1.0.1',
35 silly resolved        'read-installed': '~4.0.3',
35 silly resolved        'read-package-json': '~2.0.1',
35 silly resolved        'read-package-tree': '~5.1.2',
35 silly resolved        'realize-package-specifier': '~3.0.1',
35 silly resolved        retry: '~0.8.0',
35 silly resolved        rimraf: '~2.4.3',
35 silly resolved        semver: '~5.0.3',
35 silly resolved        sha: '~2.0.1',
35 silly resolved        slide: '~1.1.6',
35 silly resolved        'sorted-object': '~1.0.0',
35 silly resolved        tar: '~2.2.1',
35 silly resolved        'text-table': '~0.2.0',
35 silly resolved        'uid-number': '0.0.6',
35 silly resolved        umask: '~1.1.0',
35 silly resolved        'unique-filename': '~1.0.0',
35 silly resolved        unpipe: '~1.0.0',
35 silly resolved        'validate-npm-package-name': '~2.2.2',
35 silly resolved        which: '~1.2.0',
35 silly resolved        wrappy: '~1.0.1',
35 silly resolved        'write-file-atomic': '~1.1.3',
35 silly resolved        'ansi-regex': '*',
35 silly resolved        debuglog: '*',
35 silly resolved        'lodash._baseindexof': '*',
35 silly resolved        'lodash._baseuniq': '*',
35 silly resolved        'lodash._bindcallback': '*',
35 silly resolved        'lodash._cacheindexof': '*',
35 silly resolved        'lodash._createcache': '*',
35 silly resolved        'lodash._getnative': '*',
35 silly resolved        'lodash.isarguments': '*',
35 silly resolved        'lodash.isarray': '*',
35 silly resolved        'lodash.keys': '*',
35 silly resolved        'lodash.restparam': '*',
35 silly resolved        'readdir-scoped-modules': '*',
35 silly resolved        request: '*',
35 silly resolved        'strip-ansi': '*',
35 silly resolved        'validate-npm-package-license': '*' },
35 silly resolved     bundleDependencies:
35 silly resolved      [ 'abbrev',
35 silly resolved        'ansi-regex',
35 silly resolved        'ansicolors',
35 silly resolved        'ansistyles',
35 silly resolved        'aproba',
35 silly resolved        'archy',
35 silly resolved        'async-some',
35 silly resolved        'chownr',
35 silly resolved        'cmd-shim',
35 silly resolved        'columnify',
35 silly resolved        'config-chain',
35 silly resolved        'debuglog',
35 silly resolved        'dezalgo',
35 silly resolved        'editor',
35 silly resolved        'fs-vacuum',
35 silly resolved        'fs-write-stream-atomic',
35 silly resolved        'fstream',
35 silly resolved        'fstream-npm',
35 silly resolved        'glob',
35 silly resolved        'graceful-fs',
35 silly resolved        'has-unicode',
35 silly resolved        'hosted-git-info',
35 silly resolved        'iferr',
35 silly resolved        'inflight',
35 silly resolved        'inherits',
35 silly resolved        'ini',
35 silly resolved        'init-package-json',
35 silly resolved        'lockfile',
35 silly resolved        'lodash._baseindexof',
35 silly resolved        'lodash._baseuniq',
35 silly resolved        'lodash._bindcallback',
35 silly resolved        'lodash._cacheindexof',
35 silly resolved        'lodash._createcache',
35 silly resolved        'lodash._getnative',
35 silly resolved        'lodash.clonedeep',
35 silly resolved        'lodash.isarguments',
35 silly resolved        'lodash.isarray',
35 silly resolved        'lodash.keys',
35 silly resolved        'lodash.restparam',
35 silly resolved        'lodash.union',
35 silly resolved        'lodash.uniq',
35 silly resolved        'lodash.without',
35 silly resolved        'mkdirp',
35 silly resolved        'node-gyp',
35 silly resolved        'nopt',
35 silly resolved        'normalize-git-url',
35 silly resolved        'normalize-package-data',
35 silly resolved        'npm-cache-filename',
35 silly resolved        'npm-install-checks',
35 silly resolved        'npm-package-arg',
35 silly resolved        'npm-registry-client',
35 silly resolved        'npm-user-validate',
35 silly resolved        'npmlog',
35 silly resolved        'once',
35 silly resolved        'opener',
35 silly resolved        'osenv',
35 silly resolved        'path-is-inside',
35 silly resolved        'read',
35 silly resolved        'read-cmd-shim',
35 silly resolved        'read-installed',
35 silly resolved        'read-package-json',
35 silly resolved        'read-package-tree',
35 silly resolved        'readdir-scoped-modules',
35 silly resolved        'realize-package-specifier',
35 silly resolved        'request',
35 silly resolved        'retry',
35 silly resolved        'rimraf',
35 silly resolved        'semver',
35 silly resolved        'sha',
35 silly resolved        'slide',
35 silly resolved        'sorted-object',
35 silly resolved        'strip-ansi',
35 silly resolved        'tar',
35 silly resolved        'text-table',
35 silly resolved        'uid-number',
35 silly resolved        'umask',
35 silly resolved        'unique-filename',
35 silly resolved        'unpipe',
35 silly resolved        'validate-npm-package-license',
35 silly resolved        'validate-npm-package-name',
35 silly resolved        'which',
35 silly resolved        'wrappy',
35 silly resolved        'write-file-atomic' ],
35 silly resolved     devDependencies:
35 silly resolved      { 'deep-equal': '~1.0.1',
35 silly resolved        marked: '~0.3.5',
35 silly resolved        'marked-man': '~0.1.5',
35 silly resolved        nock: '~2.15.0',
35 silly resolved        'npm-registry-couchapp': '~2.6.11',
35 silly resolved        'npm-registry-mock': '~1.0.1',
35 silly resolved        'readable-stream': '~2.0.2',
35 silly resolved        'require-inject': '~1.2.1',
35 silly resolved        'sprintf-js': '~1.0.3',
35 silly resolved        standard: '~5.3.1',
35 silly resolved        tap: '~2.1.1' },
35 silly resolved     scripts:
35 silly resolved      { dumpconf: 'env | grep npm | sort | uniq',
35 silly resolved        prepublish: 'node bin/npm-cli.js prune --prefix=. --no-global && rimraf test/*/*/node_modules && make -j4 doc',
35 silly resolved        preversion: 'bash scripts/update-authors.sh && git add AUTHORS && git commit -m "update AUTHORS" || true',
35 silly resolved        tap: 'tap --timeout 240',
35 silly resolved        test: 'standard && npm run test-tap',
35 silly resolved        'test-all': 'standard && npm run test-legacy && npm run test-tap',
35 silly resolved        'test-legacy': 'node ./test/run.js',
35 silly resolved        'test-tap': 'npm run tap -- "test/tap/*.js"',
35 silly resolved        'test-node': '"$NODE" ./test/run.js && "$NODE" "$(which tap)" --timeout 240 "test/tap/*.js"' },
35 silly resolved     license: 'Artistic-2.0',
35 silly resolved     contributors:
35 silly resolved      [ [Object],
35 silly resolved        [Object],
35 silly resolved        [Object],
35 silly resolved        [Object],
35 silly resolved        [Object],
35 silly resolved        [Object],
35 silly resolved        [Object],
35 silly resolved        [Object],
35 silly resolved        [Object],
35 silly resolved        [Object],
35 silly resolved        [Object],
35 silly resolved        [Object],
35 silly resolved        [Object],
35 silly resolved        [Object],
35 silly resolved        [Object],
35 silly resolved        [Object],
35 silly resolved        [Object],
35 silly resolved        [Object],
35 silly resolved        [Object],
35 silly resolved        [Object],
35 silly resolved        [Object],
35 silly resolved        [Object],
35 silly resolved        [Object],
35 silly resolved        [Object],
35 silly resolved        [Object],
35 silly resolved        [Object],
35 silly resolved        [Object],
35 silly resolved        [Object],
35 silly resolved        [Object],
35 silly resolved        [Object],
35 silly resolved        [Object],
35 silly resolved        [Object],
35 silly resolved        [Object],
35 silly resolved        [Object],
35 silly resolved        [Object],
35 silly resolved        [Object],
35 silly resolved        [Object],
35 silly resolved        [Object],
35 silly resolved        [Object],
35 silly resolved        [Object],
35 silly resolved        [Object],
35 silly resolved        [Object],
35 silly resolved        [Object],
35 silly resolved        [Object],
35 silly resolved        [Object],
35 silly resolved        [Object],
35 silly resolved        [Object],
35 silly resolved        [Object],
35 silly resolved        [Object],
35 silly resolved        [Object],
35 silly resolved        [Object],
35 silly resolved        [Object],
35 silly resolved        [Object],
35 silly resolved        [Object],
35 silly resolved        [Object],
35 silly resolved        [Object],
35 silly resolved        [Object],
35 silly resolved        [Object],
35 silly resolved        [Object],
35 silly resolved        [Object],
35 silly resolved        [Object],
35 silly resolved        [Object],
35 silly resolved        [Object],
35 silly resolved        [Object],
35 silly resolved        [Object],
35 silly resolved        [Object],
35 silly resolved        [Object],
35 silly resolved        [Object],
35 silly resolved        [Object],
35 silly resolved        [Object],
35 silly resolved        [Object],
35 silly resolved        [Object],
35 silly resolved        [Object],
35 silly resolved        [Object],
35 silly resolved        [Object],
35 silly resolved        [Object],
35 silly resolved        [Object],
35 silly resolved        [Object],
35 silly resolved        [Object],
35 silly resolved        [Object],
35 silly resolved        [Object],
35 silly resolved        [Object],
35 silly resolved        [Object],
35 silly resolved        [Object],
35 silly resolved        [Object],
35 silly resolved        [Object],
35 silly resolved        [Object],
35 silly resolved        [Object],
35 silly resolved        [Object],
35 silly resolved        [Object],
35 silly resolved        [Object],
35 silly resolved        [Object],
35 silly resolved        [Object],
35 silly resolved        [Object],
35 silly resolved        [Object],
35 silly resolved        [Object],
35 silly resolved        [Object],
35 silly resolved        [Object],
35 silly resolved        [Object],
35 silly resolved        [Object],
35 silly resolved        [Object],
35 silly resolved        [Object],
35 silly resolved        [Object],
35 silly resolved        [Object],
35 silly resolved        [Object],
35 silly resolved        [Object],
35 silly resolved        [Object],
35 silly resolved        [Object],
35 silly resolved        [Object],
35 silly resolved        [Object],
35 silly resolved        [Object],
35 silly resolved        [Object],
35 silly resolved        [Object],
35 silly resolved        [Object],
35 silly resolved        [Object],
35 silly resolved        [Object],
35 silly resolved        [Object],
35 silly resolved        [Object],
35 silly resolved        [Object],
35 silly resolved        [Object],
35 silly resolved        [Object],
35 silly resolved        [Object],
35 silly resolved        [Object],
35 silly resolved        [Object],
35 silly resolved        [Object],
35 silly resolved        [Object],
35 silly resolved        [Object],
35 silly resolved        [Object],
35 silly resolved        [Object],
35 silly resolved        [Object],
35 silly resolved        [Object],
35 silly resolved        [Object],
35 silly resolved        [Object],
35 silly resolved        [Object],
35 silly resolved        [Object],
35 silly resolved        [Object],
35 silly resolved        [Object],
35 silly resolved        [Object],
35 silly resolved        [Object],
35 silly resolved        [Object],
35 silly resolved        [Object],
35 silly resolved        [Object],
35 silly resolved        [Object],
35 silly resolved        [Object],
35 silly resolved        [Object],
35 silly resolved        [Object],
35 silly resolved        [Object],
35 silly resolved        [Object],
35 silly resolved        [Object],
35 silly resolved        [Object],
35 silly resolved        [Object],
35 silly resolved        [Object],
35 silly resolved        [Object],
35 silly resolved        [Object],
35 silly resolved        [Object],
35 silly resolved        [Object],
35 silly resolved        [Object],
35 silly resolved        [Object],
35 silly resolved        [Object],
35 silly resolved        [Object],
35 silly resolved        [Object],
35 silly resolved        [Object],
35 silly resolved        [Object],
35 silly resolved        [Object],
35 silly resolved        [Object],
35 silly resolved        [Object],
35 silly resolved        [Object],
35 silly resolved        [Object],
35 silly resolved        [Object],
35 silly resolved        [Object],
35 silly resolved        [Object],
35 silly resolved        [Object],
35 silly resolved        [Object],
35 silly resolved        [Object],
35 silly resolved        [Object],
35 silly resolved        [Object],
35 silly resolved        [Object],
35 silly resolved        [Object],
35 silly resolved        [Object],
35 silly resolved        [Object],
35 silly resolved        [Object],
35 silly resolved        [Object],
35 silly resolved        [Object],
35 silly resolved        [Object],
35 silly resolved        [Object],
35 silly resolved        [Object],
35 silly resolved        [Object],
35 silly resolved        [Object],
35 silly resolved        [Object],
35 silly resolved        [Object],
35 silly resolved        [Object],
35 silly resolved        [Object],
35 silly resolved        [Object],
35 silly resolved        [Object],
35 silly resolved        [Object],
35 silly resolved        [Object],
35 silly resolved        [Object],
35 silly resolved        [Object],
35 silly resolved        [Object],
35 silly resolved        [Object],
35 silly resolved        [Object],
35 silly resolved        [Object],
35 silly resolved        [Object],
35 silly resolved        [Object],
35 silly resolved        [Object],
35 silly resolved        [Object],
35 silly resolved        [Object],
35 silly resolved        [Object],
35 silly resolved        [Object],
35 silly resolved        [Object],
35 silly resolved        [Object],
35 silly resolved        [Object],
35 silly resolved        [Object],
35 silly resolved        [Object],
35 silly resolved        [Object],
35 silly resolved        [Object],
35 silly resolved        [Object],
35 silly resolved        [Object],
35 silly resolved        [Object],
35 silly resolved        [Object],
35 silly resolved        [Object],
35 silly resolved        [Object],
35 silly resolved        [Object],
35 silly resolved        [Object],
35 silly resolved        [Object],
35 silly resolved        [Object],
35 silly resolved        [Object],
35 silly resolved        [Object],
35 silly resolved        [Object],
35 silly resolved        [Object],
35 silly resolved        [Object],
35 silly resolved        [Object],
35 silly resolved        [Object],
35 silly resolved        [Object],
35 silly resolved        [Object],
35 silly resolved        [Object],
35 silly resolved        [Object],
35 silly resolved        [Object],
35 silly resolved        [Object],
35 silly resolved        [Object],
35 silly resolved        [Object],
35 silly resolved        [Object],
35 silly resolved        [Object],
35 silly resolved        [Object],
35 silly resolved        [Object],
35 silly resolved        [Object],
35 silly resolved        [Object],
35 silly resolved        [Object],
35 silly resolved        [Object],
35 silly resolved        [Object],
35 silly resolved        [Object],
35 silly resolved        [Object],
35 silly resolved        [Object],
35 silly resolved        [Object],
35 silly resolved        [Object],
35 silly resolved        [Object],
35 silly resolved        [Object],
35 silly resolved        [Object],
35 silly resolved        [Object],
35 silly resolved        [Object],
35 silly resolved        [Object],
35 silly resolved        [Object],
35 silly resolved        [Object],
35 silly resolved        [Object],
35 silly resolved        [Object],
35 silly resolved        [Object],
35 silly resolved        [Object],
35 silly resolved        [Object],
35 silly resolved        [Object],
35 silly resolved        [Object],
35 silly resolved        [Object],
35 silly resolved        [Object],
35 silly resolved        [Object],
35 silly resolved        [Object],
35 silly resolved        [Object],
35 silly resolved        [Object],
35 silly resolved        [Object],
35 silly resolved        [Object],
35 silly resolved        [Object],
35 silly resolved        [Object],
35 silly resolved        [Object],
35 silly resolved        [Object],
35 silly resolved        [Object],
35 silly resolved        [Object],
35 silly resolved        [Object],
35 silly resolved        [Object],
35 silly resolved        [Object],
35 silly resolved        [Object],
35 silly resolved        [Object],
35 silly resolved        [Object],
35 silly resolved        [Object],
35 silly resolved        [Object],
35 silly resolved        [Object],
35 silly resolved        [Object],
35 silly resolved        [Object],
35 silly resolved        [Object],
35 silly resolved        [Object],
35 silly resolved        [Object],
35 silly resolved        [Object],
35 silly resolved        [Object],
35 silly resolved        [Object],
35 silly resolved        [Object],
35 silly resolved        [Object],
35 silly resolved        [Object],
35 silly resolved        [Object],
35 silly resolved        [Object],
35 silly resolved        [Object],
35 silly resolved        [Object],
35 silly resolved        [Object],
35 silly resolved        [Object],
35 silly resolved        [Object],
35 silly resolved        [Object],
35 silly resolved        [Object],
35 silly resolved        [Object],
35 silly resolved        [Object],
35 silly resolved        [Object],
35 silly resolved        [Object],
35 silly resolved        [Object],
35 silly resolved        [Object],
35 silly resolved        [Object],
35 silly resolved        [Object],
35 silly resolved        [Object],
35 silly resolved        [Object],
35 silly resolved        [Object],
35 silly resolved        [Object] ],
35 silly resolved     man:
35 silly resolved      [ '/Users/rebecca/code/release/npm-3/man/man1/npm-access.1',
35 silly resolved        '/Users/rebecca/code/release/npm-3/man/man1/npm-adduser.1',
35 silly resolved        '/Users/rebecca/code/release/npm-3/man/man1/npm-bin.1',
35 silly resolved        '/Users/rebecca/code/release/npm-3/man/man1/npm-bugs.1',
35 silly resolved        '/Users/rebecca/code/release/npm-3/man/man1/npm-build.1',
35 silly resolved        '/Users/rebecca/code/release/npm-3/man/man1/npm-bundle.1',
35 silly resolved        '/Users/rebecca/code/release/npm-3/man/man1/npm-cache.1',
35 silly resolved        '/Users/rebecca/code/release/npm-3/man/man1/npm-completion.1',
35 silly resolved        '/Users/rebecca/code/release/npm-3/man/man1/npm-config.1',
35 silly resolved        '/Users/rebecca/code/release/npm-3/man/man1/npm-dedupe.1',
35 silly resolved        '/Users/rebecca/code/release/npm-3/man/man1/npm-deprecate.1',
35 silly resolved        '/Users/rebecca/code/release/npm-3/man/man1/npm-dist-tag.1',
35 silly resolved        '/Users/rebecca/code/release/npm-3/man/man1/npm-docs.1',
35 silly resolved        '/Users/rebecca/code/release/npm-3/man/man1/npm-edit.1',
35 silly resolved        '/Users/rebecca/code/release/npm-3/man/man1/npm-explore.1',
35 silly resolved        '/Users/rebecca/code/release/npm-3/man/man1/npm-help-search.1',
35 silly resolved        '/Users/rebecca/code/release/npm-3/man/man1/npm-help.1',
35 silly resolved        '/Users/rebecca/code/release/npm-3/man/man1/npm-init.1',
35 silly resolved        '/Users/rebecca/code/release/npm-3/man/man1/npm-install.1',
35 silly resolved        '/Users/rebecca/code/release/npm-3/man/man1/npm-link.1',
35 silly resolved        '/Users/rebecca/code/release/npm-3/man/man1/npm-logout.1',
35 silly resolved        '/Users/rebecca/code/release/npm-3/man/man1/npm-ls.1',
35 silly resolved        '/Users/rebecca/code/release/npm-3/man/man1/npm-outdated.1',
35 silly resolved        '/Users/rebecca/code/release/npm-3/man/man1/npm-owner.1',
35 silly resolved        '/Users/rebecca/code/release/npm-3/man/man1/npm-pack.1',
35 silly resolved        '/Users/rebecca/code/release/npm-3/man/man1/npm-ping.1',
35 silly resolved        '/Users/rebecca/code/release/npm-3/man/man1/npm-prefix.1',
35 silly resolved        '/Users/rebecca/code/release/npm-3/man/man1/npm-prune.1',
35 silly resolved        '/Users/rebecca/code/release/npm-3/man/man1/npm-publish.1',
35 silly resolved        '/Users/rebecca/code/release/npm-3/man/man1/npm-README.1',
35 silly resolved        '/Users/rebecca/code/release/npm-3/man/man1/npm-rebuild.1',
35 silly resolved        '/Users/rebecca/code/release/npm-3/man/man1/npm-repo.1',
35 silly resolved        '/Users/rebecca/code/release/npm-3/man/man1/npm-restart.1',
35 silly resolved        '/Users/rebecca/code/release/npm-3/man/man1/npm-root.1',
35 silly resolved        '/Users/rebecca/code/release/npm-3/man/man1/npm-run-script.1',
35 silly resolved        '/Users/rebecca/code/release/npm-3/man/man1/npm-search.1',
35 silly resolved        '/Users/rebecca/code/release/npm-3/man/man1/npm-shrinkwrap.1',
35 silly resolved        '/Users/rebecca/code/release/npm-3/man/man1/npm-star.1',
35 silly resolved        '/Users/rebecca/code/release/npm-3/man/man1/npm-stars.1',
35 silly resolved        '/Users/rebecca/code/release/npm-3/man/man1/npm-start.1',
35 silly resolved        '/Users/rebecca/code/release/npm-3/man/man1/npm-stop.1',
35 silly resolved        '/Users/rebecca/code/release/npm-3/man/man1/npm-tag.1',
35 silly resolved        '/Users/rebecca/code/release/npm-3/man/man1/npm-team.1',
35 silly resolved        '/Users/rebecca/code/release/npm-3/man/man1/npm-test.1',
35 silly resolved        '/Users/rebecca/code/release/npm-3/man/man1/npm-uninstall.1',
35 silly resolved        '/Users/rebecca/code/release/npm-3/man/man1/npm-unpublish.1',
35 silly resolved        '/Users/rebecca/code/release/npm-3/man/man1/npm-update.1',
35 silly resolved        '/Users/rebecca/code/release/npm-3/man/man1/npm-version.1',
35 silly resolved        '/Users/rebecca/code/release/npm-3/man/man1/npm-view.1',
35 silly resolved        '/Users/rebecca/code/release/npm-3/man/man1/npm-whoami.1',
35 silly resolved        '/Users/rebecca/code/release/npm-3/man/man1/npm.1',
35 silly resolved        '/Users/rebecca/code/release/npm-3/man/man3/npm-bin.3',
35 silly resolved        '/Users/rebecca/code/release/npm-3/man/man3/npm-bugs.3',
35 silly resolved        '/Users/rebecca/code/release/npm-3/man/man3/npm-cache.3',
35 silly resolved        '/Users/rebecca/code/release/npm-3/man/man3/npm-commands.3',
35 silly resolved        '/Users/rebecca/code/release/npm-3/man/man3/npm-config.3',
35 silly resolved        '/Users/rebecca/code/release/npm-3/man/man3/npm-deprecate.3',
35 silly resolved        '/Users/rebecca/code/release/npm-3/man/man3/npm-docs.3',
35 silly resolved        '/Users/rebecca/code/release/npm-3/man/man3/npm-edit.3',
35 silly resolved        '/Users/rebecca/code/release/npm-3/man/man3/npm-explore.3',
35 silly resolved        '/Users/rebecca/code/release/npm-3/man/man3/npm-help-search.3',
35 silly resolved        '/Users/rebecca/code/release/npm-3/man/man3/npm-init.3',
35 silly resolved        '/Users/rebecca/code/release/npm-3/man/man3/npm-install.3',
35 silly resolved        '/Users/rebecca/code/release/npm-3/man/man3/npm-link.3',
35 silly resolved        '/Users/rebecca/code/release/npm-3/man/man3/npm-load.3',
35 silly resolved        '/Users/rebecca/code/release/npm-3/man/man3/npm-ls.3',
35 silly resolved        '/Users/rebecca/code/release/npm-3/man/man3/npm-outdated.3',
35 silly resolved        '/Users/rebecca/code/release/npm-3/man/man3/npm-owner.3',
35 silly resolved        '/Users/rebecca/code/release/npm-3/man/man3/npm-pack.3',
35 silly resolved        '/Users/rebecca/code/release/npm-3/man/man3/npm-ping.3',
35 silly resolved        '/Users/rebecca/code/release/npm-3/man/man3/npm-prefix.3',
35 silly resolved        '/Users/rebecca/code/release/npm-3/man/man3/npm-prune.3',
35 silly resolved        '/Users/rebecca/code/release/npm-3/man/man3/npm-publish.3',
35 silly resolved        '/Users/rebecca/code/release/npm-3/man/man3/npm-rebuild.3',
35 silly resolved        '/Users/rebecca/code/release/npm-3/man/man3/npm-repo.3',
35 silly resolved        '/Users/rebecca/code/release/npm-3/man/man3/npm-restart.3',
35 silly resolved        '/Users/rebecca/code/release/npm-3/man/man3/npm-root.3',
35 silly resolved        '/Users/rebecca/code/release/npm-3/man/man3/npm-run-script.3',
35 silly resolved        '/Users/rebecca/code/release/npm-3/man/man3/npm-search.3',
35 silly resolved        '/Users/rebecca/code/release/npm-3/man/man3/npm-shrinkwrap.3',
35 silly resolved        '/Users/rebecca/code/release/npm-3/man/man3/npm-start.3',
35 silly resolved        '/Users/rebecca/code/release/npm-3/man/man3/npm-stop.3',
35 silly resolved        '/Users/rebecca/code/release/npm-3/man/man3/npm-tag.3',
35 silly resolved        '/Users/rebecca/code/release/npm-3/man/man3/npm-test.3',
35 silly resolved        '/Users/rebecca/code/release/npm-3/man/man3/npm-uninstall.3',
35 silly resolved        '/Users/rebecca/code/release/npm-3/man/man3/npm-unpublish.3',
35 silly resolved        '/Users/rebecca/code/release/npm-3/man/man3/npm-update.3',
35 silly resolved        '/Users/rebecca/code/release/npm-3/man/man3/npm-version.3',
35 silly resolved        '/Users/rebecca/code/release/npm-3/man/man3/npm-view.3',
35 silly resolved        '/Users/rebecca/code/release/npm-3/man/man3/npm-whoami.3',
35 silly resolved        '/Users/rebecca/code/release/npm-3/man/man3/npm.3',
35 silly resolved        '/Users/rebecca/code/release/npm-3/man/man5/npm-folders.5',
35 silly resolved        '/Users/rebecca/code/release/npm-3/man/man5/npm-global.5',
35 silly resolved        '/Users/rebecca/code/release/npm-3/man/man5/npm-json.5',
35 silly resolved        '/Users/rebecca/code/release/npm-3/man/man5/npmrc.5',
35 silly resolved        '/Users/rebecca/code/release/npm-3/man/man5/package.json.5',
35 silly resolved        '/Users/rebecca/code/release/npm-3/man/man7/npm-coding-style.7',
35 silly resolved        '/Users/rebecca/code/release/npm-3/man/man7/npm-config.7',
35 silly resolved        '/Users/rebecca/code/release/npm-3/man/man7/npm-developers.7',
35 silly resolved        '/Users/rebecca/code/release/npm-3/man/man7/npm-disputes.7',
35 silly resolved        '/Users/rebecca/code/release/npm-3/man/man7/npm-faq.7',
35 silly resolved        '/Users/rebecca/code/release/npm-3/man/man7/npm-index.7',
35 silly resolved        '/Users/rebecca/code/release/npm-3/man/man7/npm-orgs.7',
35 silly resolved        '/Users/rebecca/code/release/npm-3/man/man7/npm-registry.7',
35 silly resolved        '/Users/rebecca/code/release/npm-3/man/man7/npm-scope.7',
35 silly resolved        '/Users/rebecca/code/release/npm-3/man/man7/npm-scripts.7',
35 silly resolved        '/Users/rebecca/code/release/npm-3/man/man7/removing-npm.7',
35 silly resolved        '/Users/rebecca/code/release/npm-3/man/man7/semver.7' ],
35 silly resolved     gitHead: '716556a6fe9416036744fbd964cad72bd9f8422f',
35 silly resolved     _id: 'npm@3.3.10',
35 silly resolved     _shasum: '7a578a01fe2ab3204e05a9a02dd1952dfd83b979',
35 silly resolved     _from: 'npm@',
35 silly resolved     _npmVersion: '3.3.10',
35 silly resolved     _nodeVersion: '4.2.1',
35 silly resolved     _npmUser: { name: 'iarna', email: 'me@re-becca.org' },
35 silly resolved     dist:
35 silly resolved      { shasum: '7a578a01fe2ab3204e05a9a02dd1952dfd83b979',
35 silly resolved        tarball: 'http://registry.npmjs.org/npm/-/npm-3.3.10.tgz' },
35 silly resolved     maintainers: [ [Object], [Object], [Object], [Object] ],
35 silly resolved     _resolved: 'https://registry.npmjs.org/npm/-/npm-3.3.10.tgz',
35 silly resolved     readme: 'ERROR: No README data found!' } ]
36 info install npm@3.3.10 into /usr/local/lib
37 info installOne npm@3.3.10
38 info /usr/local/lib/node_modules/npm unbuild
39 verbose tar unpack /home/doctorgaby/.npm/npm/3.3.10/package.tgz
40 silly lockFile 3dfa8f63-r-usr-local-lib-node-modules-npm tar:///usr/local/lib/node_modules/npm
41 verbose lock tar:///usr/local/lib/node_modules/npm /home/doctorgaby/.npm/3dfa8f63-r-usr-local-lib-node-modules-npm.lock
42 silly lockFile 832741e3-rgaby-npm-npm-3-3-10-package-tgz tar:///home/doctorgaby/.npm/npm/3.3.10/package.tgz
43 verbose lock tar:///home/doctorgaby/.npm/npm/3.3.10/package.tgz /home/doctorgaby/.npm/832741e3-rgaby-npm-npm-3-3-10-package-tgz.lock
44 silly gunzTarPerm modes [ '755', '644' ]
45 error Error: EACCES, mkdir '/usr/local/lib/node_modules'
45 error  { [Error: EACCES, mkdir '/usr/local/lib/node_modules']
45 error   errno: 3,
45 error   code: 'EACCES',
45 error   path: '/usr/local/lib/node_modules',
45 error   fstream_type: 'Directory',
45 error   fstream_path: '/usr/local/lib/node_modules/npm',
45 error   fstream_class: 'DirWriter',
45 error   fstream_stack:
45 error    [ '/usr/lib/nodejs/fstream/lib/writer.js:171:23',
45 error      '/usr/lib/nodejs/mkdirp/index.js:37:53',
45 error      'Object.oncomplete (fs.js:107:15)' ] }
46 error Please try running this command again as root/Administrator.
47 error System Linux 3.16.0-51-generic
48 error command "/usr/bin/nodejs" "/usr/bin/npm" "install" "-g" "npm"
49 error cwd /home/doctorgaby/Desktop/html1
50 error node -v v0.10.25
51 error npm -v 1.3.10
52 error path /usr/local/lib/node_modules
53 error fstream_path /usr/local/lib/node_modules/npm
54 error fstream_type Directory
55 error fstream_class DirWriter
56 error code EACCES
57 error errno 3
58 error stack Error: EACCES, mkdir '/usr/local/lib/node_modules'
59 error fstream_stack /usr/lib/nodejs/fstream/lib/writer.js:171:23
59 error fstream_stack /usr/lib/nodejs/mkdirp/index.js:37:53
59 error fstream_stack Object.oncomplete (fs.js:107:15)
60 verbose exit [ 3, true ]
